<?xml version="1.0" encoding="UTF-8"?>
<testsuite xmlns:xsi="http://www.w3.org/2001/XMLSchema-instance" xsi:noNamespaceSchemaLocation="https://maven.apache.org/surefire/maven-surefire-plugin/xsd/surefire-test-report-3.0.xsd" version="3.0" name="by.it_academy.jd2.airports.core.utils.StringUtilsTest" time="0.175" tests="4" errors="0" skipped="0" failures="0">
  <properties>
[...]
</properties>
  <testcase name="isAllNullOrEmpty" classname="by.it_academy.jd2.airports.core.utils.StringUtilsTest" time="0.111"/>
  <testcase name="isNullOrEmpty" classname="by.it_academy.jd2.airports.core.utils.StringUtilsTest" time="0.001"/>
  <testcase name="isAnyNullOrEmpty" classname="by.it_academy.jd2.airports.core.utils.StringUtilsTest" time="0.001"/>
  <testcase name="isAllNotNullOrEmpty" classname="by.it_academy.jd2.airports.core.utils.StringUtilsTest" time="0.001"/>
</testsuite>